<?xml version="1.0" encoding="UTF-8"?>
<!-- Generated by org.testng.reporters.JUnitXMLReporter -->
<testsuite hostname="abc-PC" name="testng" tests="7" failures="1" timestamp="11 Jun 2019 08:07:36 GMT" time="0.055" errors="0">
  <testcase name="doUserReg" time="0.006" classname="testnglearning.TestCase1"/>
  <testcase name="doLogin" time="0.001" classname="testnglearning.TestCase1"/>
  <testcase name="validateTitles" time="0.006" classname="testnglearning.TestCase2"/>
  <testcase name="doUserReg" time="0.001" classname="testnglearning.TestCase3">
    <failure type="java.lang.AssertionError" message="Failing the Assert">
      <![CDATA[java.lang.AssertionError: Failing the Assert
	at testnglearning.TestCase3.doUserReg(TestCase3.java:15)
... Removed 25 stack frames]]>
    </failure>
  </testcase> <!-- doUserReg -->
  <testcase name="doLogin" time="0.0" classname="testnglearning.TestCase3">
    <skipped/>
  </testcase> <!-- doLogin -->
  <testcase name="isSkip" time="0.001" classname="testnglearning.TestCase3">
    <skipped/>
  </testcase> <!-- isSkip -->
  <testcase name="sampkeTestCase" time="0.001" classname="testnglearning.TestCase4"/>
</testsuite> <!-- testng -->
