<?xml version="1.0" encoding="UTF-8"?>
<testng-results skipped="0" failed="0" total="3" passed="3">
  <reporter-output>
  </reporter-output>
  <suite name="Default suite" duration-ms="17696" started-at="2019-06-12T13:56:28Z" finished-at="2019-06-12T13:56:45Z">
    <groups>
    </groups>
    <test name="Default test" duration-ms="17696" started-at="2019-06-12T13:56:28Z" finished-at="2019-06-12T13:56:45Z">
      <class name="testnglearning.TestParameterization">
        <test-method status="PASS" signature="setup()[pri:0, instance:testnglearning.TestParameterization@129a8472]" name="setup" is-config="true" duration-ms="5074" started-at="2019-06-12T19:26:28Z" finished-at="2019-06-12T19:26:33Z">
          <reporter-output>
          </reporter-output>
        </test-method> <!-- setup -->
        <test-method status="PASS" signature="navigateURL()[pri:0, instance:testnglearning.TestParameterization@129a8472]" name="navigateURL" is-config="true" duration-ms="3220" started-at="2019-06-12T19:26:34Z" finished-at="2019-06-12T19:26:37Z">
          <reporter-output>
          </reporter-output>
        </test-method> <!-- navigateURL -->
        <test-method status="PASS" signature="doLogin(java.lang.String, java.lang.String)[pri:0, instance:testnglearning.TestParameterization@129a8472]" name="doLogin" duration-ms="1919" started-at="2019-06-12T19:26:37Z" data-provider="getData" finished-at="2019-06-12T19:26:39Z">
          <params>
            <param index="0">
              <value>
                <![CDATA[trainer]]>
              </value>
            </param>
            <param index="1">
              <value>
                <![CDATA[trainer1]]>
              </value>
            </param>
          </params>
          <reporter-output>
          </reporter-output>
        </test-method> <!-- doLogin -->
        <test-method status="PASS" signature="navigateURL()[pri:0, instance:testnglearning.TestParameterization@129a8472]" name="navigateURL" is-config="true" duration-ms="2294" started-at="2019-06-12T19:26:39Z" finished-at="2019-06-12T19:26:41Z">
          <reporter-output>
          </reporter-output>
        </test-method> <!-- navigateURL -->
        <test-method status="PASS" signature="doLogin(java.lang.String, java.lang.String)[pri:0, instance:testnglearning.TestParameterization@129a8472]" name="doLogin" duration-ms="875" started-at="2019-06-12T19:26:41Z" data-provider="getData" finished-at="2019-06-12T19:26:42Z">
          <params>
            <param index="0">
              <value>
                <![CDATA[seleniumcoaching]]>
              </value>
            </param>
            <param index="1">
              <value>
                <![CDATA[selen1]]>
              </value>
            </param>
          </params>
          <reporter-output>
          </reporter-output>
        </test-method> <!-- doLogin -->
        <test-method status="PASS" signature="navigateURL()[pri:0, instance:testnglearning.TestParameterization@129a8472]" name="navigateURL" is-config="true" duration-ms="2057" started-at="2019-06-12T19:26:42Z" finished-at="2019-06-12T19:26:44Z">
          <reporter-output>
          </reporter-output>
        </test-method> <!-- navigateURL -->
        <test-method status="PASS" signature="doLogin(java.lang.String, java.lang.String)[pri:0, instance:testnglearning.TestParameterization@129a8472]" name="doLogin" duration-ms="763" started-at="2019-06-12T19:26:44Z" data-provider="getData" finished-at="2019-06-12T19:26:45Z">
          <params>
            <param index="0">
              <value>
                <![CDATA[java]]>
              </value>
            </param>
            <param index="1">
              <value>
                <![CDATA[java1]]>
              </value>
            </param>
          </params>
          <reporter-output>
          </reporter-output>
        </test-method> <!-- doLogin -->
        <test-method status="PASS" signature="tearDown()[pri:0, instance:testnglearning.TestParameterization@129a8472]" name="tearDown" is-config="true" duration-ms="786" started-at="2019-06-12T19:26:45Z" finished-at="2019-06-12T19:26:45Z">
          <reporter-output>
          </reporter-output>
        </test-method> <!-- tearDown -->
      </class> <!-- testnglearning.TestParameterization -->
    </test> <!-- Default test -->
  </suite> <!-- Default suite -->
</testng-results>
