<?xml version="1.0" encoding="UTF-8"?>
<!-- Generated by org.testng.reporters.JUnitXMLReporter -->
<testsuite hostname="abc-PC" name="Default test" tests="3" failures="0" timestamp="12 Jun 2019 13:56:45 GMT" time="17.696" errors="0">
  <testcase name="doLogin" time="1.919" classname="testnglearning.TestParameterization"/>
  <testcase name="doLogin" time="0.875" classname="testnglearning.TestParameterization"/>
  <testcase name="doLogin" time="0.763" classname="testnglearning.TestParameterization"/>
</testsuite> <!-- Default test -->
